[    0.000000] Initializing cgroup subsys cpuset
[    0.000000] Initializing cgroup subsys cpu
[    0.000000] Initializing cgroup subsys cpuacct
[    0.000000] Linux version 4.4.0-210-generic (buildd@lgw01-amd64-009) (gcc version 5.4.0 20160609 (Ubuntu 5.4.0-6ubuntu1~16.04.12) ) #242-Ubuntu SMP Fri Apr 16 09:57:56 UTC 2021 (Ubuntu 4.4.0-210.242-generic 4.4.262)
[    0.000000] Command line: BOOT_IMAGE=/boot/vmlinuz-4.4.0-210-generic root=LABEL=cloudimg-rootfs ro console=tty1 console=ttyS0
[    0.000000] KERNEL supported cpus:
[    0.000000]   Intel GenuineIntel
[    0.000000]   AMD AuthenticAMD
[    0.000000]   Centaur CentaurHauls
[    0.000000] [Firmware Bug]: TSC doesn't count with P0 frequency!
[    0.000000] x86/fpu: xstate_offset[2]:  576, xstate_sizes[2]:  256
[    0.000000] x86/fpu: Supporting XSAVE feature 0x01: 'x87 floating point registers'
[    0.000000] x86/fpu: Supporting XSAVE feature 0x02: 'SSE registers'
[    0.000000] x86/fpu: Supporting XSAVE feature 0x04: 'AVX registers'
[    0.000000] x86/fpu: Enabled xstate features 0x7, context size is 832 bytes, using 'standard' format.
[    0.000000] e820: BIOS-provided physical RAM map:
[    0.000000] BIOS-e820: [mem 0x0000000000000000-0x000000000009fbff] usable
[    0.000000] BIOS-e820: [mem 0x000000000009fc00-0x000000000009ffff] reserved
[    0.000000] BIOS-e820: [mem 0x00000000000f0000-0x00000000000fffff] reserved
[    0.000000] BIOS-e820: [mem 0x0000000000100000-0x000000001ffeffff] usable
[    0.000000] BIOS-e820: [mem 0x000000001fff0000-0x000000001fffffff] ACPI data
[    0.000000] BIOS-e820: [mem 0x00000000fec00000-0x00000000fec00fff] reserved
[    0.000000] BIOS-e820: [mem 0x00000000fee00000-0x00000000fee00fff] reserved
[    0.000000] BIOS-e820: [mem 0x00000000fffc0000-0x00000000ffffffff] reserved
[    0.000000] NX (Execute Disable) protection: active
[    0.000000] SMBIOS 2.5 present.
[    0.000000] Hypervisor detected: KVM
[    0.000000] Kernel/User page tables isolation: disabled
[    0.000000] e820: last_pfn = 0x1fff0 max_arch_pfn = 0x400000000
[    0.000000] MTRR: Disabled
[    0.000000] x86/PAT: MTRRs disabled, skipping PAT initialization too.
[    0.000000] CPU MTRRs all blank - virtualized system.
[    0.000000] x86/PAT: Configuration [0-7]: WB  WT  UC- UC  WB  WT  UC- UC  
[    0.000000] found SMP MP-table at [mem 0x0009fff0-0x0009ffff] mapped at [ffff88000009fff0]
[    0.000000] Scanning 1 areas for low memory corruption
[    0.000000] RAMDISK: [mem 0x1e8c2000-0x1f74bfff]
[    0.000000] ACPI: Early table checksum verification disabled
[    0.000000] ACPI: RSDP 0x00000000000E0000 000024 (v02 VBOX  )
[    0.000000] ACPI: XSDT 0x000000001FFF0030 00003C (v01 VBOX   VBOXXSDT 00000001 ASL  00000061)
[    0.000000] ACPI: FACP 0x000000001FFF00F0 0000F4 (v04 VBOX   VBOXFACP 00000001 ASL  00000061)
[    0.000000] ACPI: DSDT 0x000000001FFF0470 002325 (v02 VBOX   VBOXBIOS 00000002 INTL 20190509)
[    0.000000] ACPI: FACS 0x000000001FFF0200 000040
[    0.000000] ACPI: FACS 0x000000001FFF0200 000040
[    0.000000] ACPI: APIC 0x000000001FFF0240 00005C (v02 VBOX   VBOXAPIC 00000001 ASL  00000061)
[    0.000000] ACPI: SSDT 0x000000001FFF02A0 0001CC (v01 VBOX   VBOXCPUT 00000002 INTL 20190509)
[    0.000000] No NUMA configuration found
[    0.000000] Faking a node at [mem 0x0000000000000000-0x000000001ffeffff]
[    0.000000] NODE_DATA(0) allocated [mem 0x1ffeb000-0x1ffeffff]
[    0.000000] kvm-clock: Using msrs 4b564d01 and 4b564d00
[    0.000000] kvm-clock: cpu 0, msr 0:1ffe3001, primary cpu clock
[    0.000000] kvm-clock: using sched offset of 3390739514 cycles
[    0.000000] clocksource: kvm-clock: mask: 0xffffffffffffffff max_cycles: 0x1cd42e4dffb, max_idle_ns: 881590591483 ns
[    0.000000] Zone ranges:
[    0.000000]   DMA      [mem 0x0000000000001000-0x0000000000ffffff]
[    0.000000]   DMA32    [mem 0x0000000001000000-0x000000001ffeffff]
[    0.000000]   Normal   empty
[    0.000000]   Device   empty
[    0.000000] Movable zone start for each node
[    0.000000] Early memory node ranges
[    0.000000]   node   0: [mem 0x0000000000001000-0x000000000009efff]
[    0.000000]   node   0: [mem 0x0000000000100000-0x000000001ffeffff]
[    0.000000] Initmem setup node 0 [mem 0x0000000000001000-0x000000001ffeffff]
[    0.000000] ACPI: PM-Timer IO Port: 0x4008
[    0.000000] IOAPIC[0]: apic_id 2, version 32, address 0xfec00000, GSI 0-23
[    0.000000] ACPI: INT_SRC_OVR (bus 0 bus_irq 0 global_irq 2 dfl dfl)
[    0.000000] ACPI: INT_SRC_OVR (bus 0 bus_irq 9 global_irq 9 low level)
[    0.000000] Using ACPI (MADT) for SMP configuration information
[    0.000000] smpboot: Allowing 2 CPUs, 0 hotplug CPUs
[    0.000000] PM: Registered nosave memory: [mem 0x00000000-0x00000fff]
[    0.000000] PM: Registered nosave memory: [mem 0x0009f000-0x0009ffff]
[    0.000000] PM: Registered nosave memory: [mem 0x000a0000-0x000effff]
[    0.000000] PM: Registered nosave memory: [mem 0x000f0000-0x000fffff]
[    0.000000] e820: [mem 0x20000000-0xfebfffff] available for PCI devices
[    0.000000] Booting paravirtualized kernel on KVM
[    0.000000] clocksource: refined-jiffies: mask: 0xffffffff max_cycles: 0xffffffff, max_idle_ns: 7645519600211568 ns
[    0.000000] setup_percpu: NR_CPUS:512 nr_cpumask_bits:512 nr_cpu_ids:2 nr_node_ids:1
[    0.000000] PERCPU: Embedded 33 pages/cpu @ffff88001fc00000 s95192 r8192 d31784 u1048576
[    0.000000] Built 1 zonelists in Node order, mobility grouping on.  Total pages: 128888
[    0.000000] Policy zone: DMA32
[    0.000000] Kernel command line: BOOT_IMAGE=/boot/vmlinuz-4.4.0-210-generic root=LABEL=cloudimg-rootfs ro console=tty1 console=ttyS0
[    0.000000] PID hash table entries: 2048 (order: 2, 16384 bytes)
[    0.000000] Memory: 481712K/523832K available (8644K kernel code, 1332K rwdata, 4044K rodata, 1492K init, 1164K bss, 42120K reserved, 0K cma-reserved)
[    0.000000] SLUB: HWalign=64, Order=0-3, MinObjects=0, CPUs=2, Nodes=1
[    0.000000] Hierarchical RCU implementation.
[    0.000000] 	Build-time adjustment of leaf fanout to 64.
[    0.000000] 	RCU restricting CPUs from NR_CPUS=512 to nr_cpu_ids=2.
[    0.000000] RCU: Adjusting geometry for rcu_fanout_leaf=64, nr_cpu_ids=2
[    0.000000] NR_IRQS:33024 nr_irqs:440 16
[    0.000000] Console: colour VGA+ 80x25
[    0.000000] console [tty1] enabled
[    0.000000] console [ttyS0] enabled
[    0.000000] tsc: Detected 2894.492 MHz processor
[    0.157611] Calibrating delay loop (skipped) preset value.. 5788.98 BogoMIPS (lpj=11577968)
[    0.159672] pid_max: default: 32768 minimum: 301
[    0.160749] ACPI: Core revision 20150930
[    0.162842] ACPI: 2 ACPI AML tables successfully acquired and loaded
[    0.164356] Security Framework initialized
[    0.165420] Yama: becoming mindful.
[    0.166235] AppArmor: AppArmor initialized
[    0.167135] Dentry cache hash table entries: 65536 (order: 7, 524288 bytes)
[    0.168480] Inode-cache hash table entries: 32768 (order: 6, 262144 bytes)
[    0.169892] Mount-cache hash table entries: 1024 (order: 1, 8192 bytes)
[    0.171087] Mountpoint-cache hash table entries: 1024 (order: 1, 8192 bytes)
[    0.172581] Initializing cgroup subsys io
[    0.173840] Initializing cgroup subsys memory
[    0.174825] Initializing cgroup subsys devices
[    0.175691] Initializing cgroup subsys freezer
[    0.176531] Initializing cgroup subsys net_cls
[    0.177367] Initializing cgroup subsys perf_event
[    0.178222] Initializing cgroup subsys net_prio
[    0.179096] Initializing cgroup subsys hugetlb
[    0.179939] Initializing cgroup subsys pids
[    0.190205] mce: CPU supports 0 MCE banks
[    0.191352] Last level iTLB entries: 4KB 1024, 2MB 1024, 4MB 512
[    0.192634] Last level dTLB entries: 4KB 2048, 2MB 2048, 4MB 1024, 1GB 0
[    0.193949] Spectre V1 : Mitigation: usercopy/swapgs barriers and __user pointer sanitization
[    0.195592] Spectre V2 : Spectre mitigation: LFENCE not serializing, switching to generic retpoline
[    0.197505] Spectre V2 : Mitigation: Full generic retpoline
[    0.198758] Spectre V2 : Spectre v2 / SpectreRSB mitigation: Filling RSB on context switch
[    0.200450] Speculative Store Bypass: Mitigation: Speculative Store Bypass disabled via prctl and seccomp
[    0.205140] Freeing SMP alternatives memory: 36K
[    0.212419] ftrace: allocating 32380 entries in 127 pages
[    0.282593] smpboot: APIC(0) Converting physical 0 to logical package 0
[    0.283926] smpboot: Max logical packages: 1
[    0.285048] x2apic enabled
[    0.285866] Switched APIC routing to physical x2apic.
[    0.287843] ..TIMER: vector=0x30 apic1=0 pin1=2 apic2=-1 pin2=-1
[    0.397179] smpboot: CPU0: AMD Ryzen 7 4800H with Radeon Graphics (family: 0x17, model: 0x60, stepping: 0x1)
[    0.400468] Performance Events: Broken PMU hardware detected, using software events only.
[    0.402774] Failed to access perfctr msr (MSR c0010007 is 0)
[    0.411372] KVM setup paravirtual spinlock
[    0.413939] x86: Booting SMP configuration:
[    0.415316] .... node  #0, CPUs:      #1
[    0.416508] kvm-clock: cpu 1, msr 0:1ffe3041, secondary cpu clock
[    0.427525] mce: CPU supports 0 MCE banks
[    0.430903] x86: Booted up 1 node, 2 CPUs
[    0.432516] smpboot: Total of 2 processors activated (11577.96 BogoMIPS)
[    0.434658] devtmpfs: initialized
[    0.438491] evm: security.selinux
[    0.439656] evm: security.SMACK64
[    0.440878] evm: security.SMACK64EXEC
[    0.442033] evm: security.SMACK64TRANSMUTE
[    0.443338] evm: security.SMACK64MMAP
[    0.444449] evm: security.ima
[    0.445428] evm: security.capability
[    0.447026] clocksource: jiffies: mask: 0xffffffff max_cycles: 0xffffffff, max_idle_ns: 7645041785100000 ns
[    0.450504] futex hash table entries: 512 (order: 3, 32768 bytes)
[    0.452736] pinctrl core: initialized pinctrl subsystem
[    0.454098] RTC time: 13:34:56, date: 01/06/22
[    0.456004] NET: Registered protocol family 16
[    0.461233] cpuidle: using governor ladder
[    0.468881] cpuidle: using governor menu
[    0.470930] PCCT header not found.
[    0.473056] ACPI: bus type PCI registered
[    0.474344] acpiphp: ACPI Hot Plug PCI Controller Driver version: 0.5
[    0.476098] PCI: Using configuration type 1 for base access
[    0.477370] PCI: Using configuration type 1 for extended access
[    0.490045] ACPI: Added _OSI(Module Device)
[    0.492166] ACPI: Added _OSI(Processor Device)
[    0.493585] ACPI: Added _OSI(3.0 _SCP Extensions)
[    0.494992] ACPI: Added _OSI(Processor Aggregator Device)
[    0.497255] ACPI: Executed 1 blocks of module-level executable AML code
[    0.502199] ACPI: Interpreter enabled
[    0.503456] ACPI: (supports S0 S5)
[    0.504358] ACPI: Using IOAPIC for interrupt routing
[    0.505602] PCI: Using host bridge windows from ACPI; if necessary, use "pci=nocrs" and report a bug
[    0.510833] ACPI: PCI Root Bridge [PCI0] (domain 0000 [bus 00-ff])
[    0.512328] acpi PNP0A03:00: _OSC: OS supports [ExtendedConfig ASPM ClockPM Segments MSI]
[    0.515581] acpi PNP0A03:00: _OSC: platform does not support [PCIeCapability]
[    0.517528] acpi PNP0A03:00: _OSC: not requesting control; platform does not support [PCIeCapability]
[    0.520056] acpi PNP0A03:00: _OSC: OS requested [PCIeHotplug PME AER PCIeCapability]
[    0.522434] acpi PNP0A03:00: _OSC: platform willing to grant [PCIeHotplug PME AER]
[    0.524723] acpi PNP0A03:00: _OSC failed (AE_SUPPORT); disabling ASPM
[    0.526511] PCI host bridge to bus 0000:00
[    0.527492] pci_bus 0000:00: root bus resource [io  0x0000-0x0cf7 window]
[    0.537579] pci_bus 0000:00: root bus resource [io  0x0d00-0xffff window]
[    0.539375] pci_bus 0000:00: root bus resource [mem 0x000a0000-0x000bffff window]
[    0.541177] pci_bus 0000:00: root bus resource [mem 0x20000000-0xfdffffff window]
[    0.543053] pci_bus 0000:00: root bus resource [bus 00-ff]
[    0.546082] pci 0000:00:01.1: legacy IDE quirk: reg 0x10: [io  0x01f0-0x01f7]
[    0.547769] pci 0000:00:01.1: legacy IDE quirk: reg 0x14: [io  0x03f6]
[    0.549384] pci 0000:00:01.1: legacy IDE quirk: reg 0x18: [io  0x0170-0x0177]
[    0.550885] pci 0000:00:01.1: legacy IDE quirk: reg 0x1c: [io  0x0376]
[    0.566981] pci 0000:00:07.0: quirk: [io  0x4000-0x403f] claimed by PIIX4 ACPI
[    0.569409] pci 0000:00:07.0: quirk: [io  0x4100-0x410f] claimed by PIIX4 SMB
[    0.578845] ACPI: PCI Interrupt Link [LNKA] (IRQs 5 9 10 *11)
[    0.580718] ACPI: PCI Interrupt Link [LNKB] (IRQs 5 9 *10 11)
[    0.582302] ACPI: PCI Interrupt Link [LNKC] (IRQs 5 *9 10 11)
[    0.583722] ACPI: PCI Interrupt Link [LNKD] (IRQs 5 9 10 *11)
[    0.585869] ACPI: Enabled 2 GPEs in block 00 to 07
[    0.587301] vgaarb: setting as boot device: PCI:0000:00:02.0
[    0.588755] vgaarb: device added: PCI:0000:00:02.0,decodes=io+mem,owns=io+mem,locks=none
[    0.590251] vgaarb: loaded
[    0.590921] vgaarb: bridge control possible 0000:00:02.0
[    0.592223] SCSI subsystem initialized
[    0.593382] ACPI: bus type USB registered
[    0.594951] usbcore: registered new interface driver usbfs
[    0.596485] usbcore: registered new interface driver hub
[    0.598020] usbcore: registered new device driver usb
[    0.600279] PCI: Using ACPI for IRQ routing
[    0.601999] NetLabel: Initializing
[    0.603170] NetLabel:  domain hash size = 128
[    0.604392] NetLabel:  protocols = UNLABELED CIPSOv4
[    0.605852] NetLabel:  unlabeled traffic allowed by default
[    0.607508] amd_nb: Cannot enumerate AMD northbridges
[    0.608633] clocksource: Switched to clocksource kvm-clock
[    0.615989] AppArmor: AppArmor Filesystem Enabled
[    0.617243] pnp: PnP ACPI init
[    0.618507] pnp: PnP ACPI: found 3 devices
[    0.630032] clocksource: acpi_pm: mask: 0xffffff max_cycles: 0xffffff, max_idle_ns: 2085701024 ns
[    0.631884] NET: Registered protocol family 2
[    0.632947] TCP established hash table entries: 4096 (order: 3, 32768 bytes)
[    0.635305] TCP bind hash table entries: 4096 (order: 4, 65536 bytes)
[    0.637529] TCP: Hash tables configured (established 4096 bind 4096)
[    0.639165] UDP hash table entries: 256 (order: 1, 8192 bytes)
[    0.640461] UDP-Lite hash table entries: 256 (order: 1, 8192 bytes)
[    0.641640] NET: Registered protocol family 1
[    0.642473] pci 0000:00:00.0: Limiting direct PCI/PCI transfers
[    0.643487] pci 0000:00:01.0: Activating ISA DMA hang workarounds
[    0.644618] Unpacking initramfs...
[    0.915927] Freeing initrd memory: 14888K
[    0.916981] clocksource: tsc: mask: 0xffffffffffffffff max_cycles: 0x29b8efa536a, max_idle_ns: 440795226759 ns
[    0.918914] platform rtc_cmos: registered platform RTC device (no PNP device found)
[    0.920500] Scanning for low memory corruption every 60 seconds
[    0.922239] audit: initializing netlink subsys (disabled)
[    0.924071] audit: type=2000 audit(1641476102.389:1): initialized
[    0.926377] Initialise system trusted keyring
[    0.928039] HugeTLB registered 2 MB page size, pre-allocated 0 pages
[    0.930440] zbud: loaded
[    0.931569] VFS: Disk quotas dquot_6.6.0
[    0.932889] VFS: Dquot-cache hash table entries: 512 (order 0, 4096 bytes)
[    0.934598] squashfs: version 4.0 (2009/01/31) Phillip Lougher
[    0.936366] fuse init (API version 7.23)
[    0.937721] Key type big_key registered
[    0.938760] Allocating IMA MOK and blacklist keyrings.
[    0.941627] Key type asymmetric registered
[    0.943085] Asymmetric key parser 'x509' registered
[    0.944378] Block layer SCSI generic (bsg) driver version 0.4 loaded (major 249)
[    0.946232] io scheduler noop registered
[    0.947198] io scheduler deadline registered (default)
[    0.948506] io scheduler cfq registered
[    0.949620] pci_hotplug: PCI Hot Plug PCI Core version: 0.5
[    0.950837] pciehp: PCI Express Hot Plug Controller Driver version: 0.4
[    0.952328] ACPI: AC Adapter [AC] (off-line)
[    0.953215] input: Power Button as /devices/LNXSYSTM:00/LNXPWRBN:00/input/input0
[    0.954547] ACPI: Power Button [PWRF]
[    0.955376] input: Sleep Button as /devices/LNXSYSTM:00/LNXSLPBN:00/input/input1
[    0.956955] ACPI: Sleep Button [SLPF]
[    0.957882] GHES: HEST is not enabled!
[    0.958329] ACPI: Battery Slot [BAT0] (battery present)
[    0.961717] Serial: 8250/16550 driver, 32 ports, IRQ sharing enabled
[    0.984463] 00:02: ttyS0 at I/O 0x3f8 (irq = 4, base_baud= 11200) is a 16550A
[    0.989250] Linux agpgart interface v0.103
[    0.993380] loop: module loaded
[    0.994601] scsi host0: ata_piix
[    0.996426] scsi host1: ata_piix
[    0.997086] ata1: PATA max UDMA/33 cmd 0x1f0 ctl 0x3f6 bmdma 0xd000 irq 14
[    0.998065] ata2: PATA max UDMA/33 cmd 0x170 ctl 0x376 bmdma 0xd008 irq 15
[    0.999226] libphy: Fixed MDIO Bus: probed
[    1.000163] tun: Universal TUN/TAP device driver, 1.6
[    1.001087] tun: (C) 1999-2004 Max Krasnyansky <maxk@qualcomm.com>
[    1.002074] PPP generic driver version 2.4.2
[    1.002955] ehci_hcd: USB 2.0 'Enhanced' Host Controller (EHCI) Driver
[    1.003941] ehci-pci: EHCI PCI platform driver
[    1.004696] ehci-platform: EHCI generic platform driver
[    1.005525] ohci_hcd: USB 1.1 'Open' Host Controller (OHCI) Driver
[    1.006433] ohci-pci: OHCI PCI platform driver
[    1.007238] ohci-platform: OHCI generic platform driver
[    1.008061] uhci_hcd: USB Universal Host Controller Interface driver
[    1.009111] i8042: PNP: PS/2 Controller [PNP0303:PS2K,PNP0f03:PS2M] at 0x60,0x64 irq 1,12
[    1.010917] serio: i8042 KBD port at 0x60,0x64 irq 1
[    1.011904] serio: i8042 AUX port at 0x60,0x64 irq 12
[    1.013066] mousedev: PS/2 mouse device common for all mice
[    1.014548] input: AT Translated Set 2 keyboard as /devices/platform/i8042/serio0/input/input2
[    1.016707] rtc_cmos rtc_cmos: rtc core: registered rtc_cmos as rtc0
[    1.017660] rtc_cmos rtc_cmos: alarms up to one day, 114 bytes nvram
[    1.018622] i2c /dev entries driver
[    1.019406] device-mapper: uevent: version 1.0.3
[    1.020284] device-mapper: ioctl: 4.34.0-ioctl (2015-10-28) initialised: dm-devel@redhat.com
[    1.021808] ledtrig-cpu: registered to indicate activity on CPUs
[    1.023496] NET: Registered protocol family 10
[    1.025578] NET: Registered protocol family 17
[    1.026843] Key type dns_resolver registered
[    1.027959] registered taskstats version 1
[    1.028817] Loading compiled-in X.509 certificates
[    1.030222] Loaded X.509 cert 'Build time autogenerated kernel key: cf00e047681d67edb2720680708b7d9498083038'
[    1.031927] zswap: loaded using pool lzo/zbud
[    1.035031] Key type trusted registered
[    1.040266] Key type encrypted registered
[    1.041021] AppArmor: AppArmor sha1 policy hashing enabled
[    1.041884] ima: No TPM chip found, activating TPM-bypass!
[    1.042918] ima: Allocated hash algorithm: sha1
[    1.044315] evm: HMAC attrs: 0x1
[    1.045674]   Magic number: 6:825:583
[    1.047126] rtc_cmos rtc_cmos: setting system clock to 2022-01-06 13:34:57 UTC (1641476097)
[    1.050087] BIOS EDD facility v0.16 2004-Jun-25, 0 devices found
[    1.052113] EDD information not available.
[    1.179606] Freeing unused kernel memory: 1492K
[    1.180841] Write protecting the kernel read-only data: 14336k
[    1.182891] Freeing unused kernel memory: 1584K
[    1.184293] Freeing unused kernel memory: 52K
Loading, please wait...
starting version 229
[    1.200842] random: systemd-udevd: uninitialized urandom read (16 bytes read, 3 bits of entropy available)
[    1.201245] random: udevadm: uninitialized urandom read (16 bytes read, 3 bits of entropy available)
[    1.201275] random: udevadm: uninitialized urandom read (16 bytes read, 3 bits of entropy available)
[    1.208226] random: systemd-udevd: uninitialized urandom read (16 bytes read, 3 bits of entropy available)
[    1.209926] random: systemd-udevd: uninitialized urandom read (16 bytes read, 3 bits of entropy available)
[    1.211496] random: udevadm: uninitialized urandom read (16 bytes read, 3 bits of entropy available)
[    1.211549] random: udevadm: uninitialized urandom read (16 bytes read, 3 bits of entropy available)
[    1.211699] random: udevadm: uninitialized urandom read (16 bytes read, 3 bits of entropy available)
[    1.211749] random: udevadm: uninitialized urandom read (16 bytes read, 3 bits of entropy available)
[    1.211805] random: udevadm: uninitialized urandom read (16 bytes read, 3 bits of entropy available)
[    1.252640] e1000: Intel(R) PRO/1000 Network Driver - version 7.3.21-k8-NAPI
[    1.254050] e1000: Copyright (c) 1999-2006 Intel Corporation.
[    1.255186] Fusion MPT base driver 3.04.20
[    1.256103] Copyright (c) 1999-2008 LSI Corporation
[    1.263351] Fusion MPT SPI Host driver 3.04.20
[    1.291144] AVX2 version of gcm_enc/dec engaged.
[    1.292291] AES CTR mode by8 optimization enabled
[    1.493052] input: ImExPS/2 Generic Explorer Mouse as /devices/platform/i8042/serio1/input/input4
[    1.629488] e1000 0000:00:03.0 eth0: (PCI:33MHz:32-bit) 02:be:82:6b:cc:1d
[    1.630825] e1000 0000:00:03.0 eth0: Intel(R) PRO/1000 Network Connection
[    1.982314] e1000 0000:00:08.0 eth1: (PCI:33MHz:32-bit) 08:00:27:25:ac:78
[    1.984193] e1000 0000:00:08.0 eth1: Intel(R) PRO/1000 Network Connection
[    1.986513] e1000 0000:00:03.0 enp0s3: renamed from eth0
[    1.986597] mptbase: ioc0: Initiating bringup
[    2.001175] e1000 0000:00:08.0 enp0s8: renamed from eth1
[    2.053001] ioc0: LSI53C1030 A0: Capabilities={Initiator}
[    2.215414] scsi host2: ioc0: LSI53C1030 A0, FwRev=00000000h, Ports=1, MaxQ=256, IRQ=20
[    2.565549] scsi 2:0:0:0: Direct-Access     VBOX     HARDDISK         1.0  PQ: 0 ANSI: 5
[    2.568403] scsi target2:0:0: Beginning Domain Validation
[    2.572394] scsi target2:0:0: Domain Validation skipping write tests
[    2.574254] scsi target2:0:0: Ending Domain Validation
[    2.575345] scsi target2:0:0: asynchronous
[    2.577851] scsi 2:0:1:0: Direct-Access     VBOX     HARDDISK         1.0  PQ: 0 ANSI: 5
[    2.579335] scsi target2:0:1: Beginning Domain Validation
[    2.582647] scsi target2:0:1: Domain Validation skipping write tests
[    2.583782] scsi target2:0:1: Ending Domain Validation
[    2.584762] scsi target2:0:1: asynchronous
[    2.592418] sd 2:0:0:0: Attached scsi generic sg0 type 0
[    2.594126] sd 2:0:0:0: [sda] 83886080 512-byte logical blocks: (42.9 GB/40.0 GiB)
[    2.594414] sd 2:0:1:0: [sdb] 20480 512-byte logical blocks: (10.5 MB/10.0 MiB)
[    2.594569] sd 2:0:1:0: [sdb] Write Protect is off
[    2.594688] sd 2:0:1:0: [sdb] Incomplete mode parameter data
[    2.594690] sd 2:0:1:0: [sdb] Assuming drive cache: write through
[    2.600986] sd 2:0:1:0: Attached scsi generic sg1 type 0
[    2.604857] sd 2:0:0:0: [sda] Write Protect is off
[    2.606483] sd 2:0:0:0: [sda] Incomplete mode parameter data
[    2.606491] sd 2:0:1:0: [sdb] Attached SCSI disk
[    2.608888] sd 2:0:0:0: [sda] Assuming drive cache: write through
[    2.611623]  sda: sda1
[    2.612788] sd 2:0:0:0: [sda] Attached SCSI disk
Begin: Loading essential drivers ... [    3.987743] md: linear personality registered for level -1
[    3.993731] md: multipath personality registered for level -4
[    3.998156] md: raid0 personality registered for level 0
[    4.003869] md: raid1 personality registered for level 1
[    4.076707] raid6: sse2x1   gen()  4948 MB/s
[    4.144669] raid6: sse2x1   xor()  4904 MB/s
[    4.212752] raid6: sse2x2   gen() 10054 MB/s
[    4.280721] raid6: sse2x2   xor()  6725 MB/s
[    4.348650] raid6: sse2x4   gen() 10613 MB/s
[    4.416720] raid6: sse2x4   xor()  2918 MB/s
[    4.484937] raid6: avx2x1   gen() 11900 MB/s
[    4.552735] raid6: avx2x2   gen() 21354 MB/s
[    4.625224] raid6: avx2x4   gen() 23122 MB/s
[    4.626365] raid6: using algorithm avx2x4 gen() 23122 MB/s
[    4.627595] raid6: using avx2x2 recovery algorithm
[    4.629710] xor: automatically using best checksumming function:
[    4.668703]    avx       : 13260.000 MB/sec
[    4.671804] async_tx: api initialized (async)
[    4.686528] md: raid6 personality registered for level 6
[    4.687939] md: raid5 personality registered for level 5
[    4.689977] md: raid4 personality registered for level 4
[    4.700304] md: raid10 personality registered for level 10
done.
Begin: Running /scripts/init-premount ... done.
Begin: Mounting root file system ... Begin: Running /scripts/local-top ... done.
Begin: Running /scripts/local-premount ... [    4.745258] Btrfs loaded
Scanning for Btrfs filesystems
done.
Warning: fsck not present, so skipping root file system
[    4.783737] EXT4-fs (sda1): mounted filesystem with ordered data mode. Opts: (null)
done.
Begin: Running /scripts/local-bottom ... done.
Begin: Running /scripts/init-bottom ... done.
[    4.897526] systemd[1]: systemd 229 running in system mode. (+PAM +AUDIT +SELINUX +IMA +APPARMOR +SMACK +SYSVINIT +UTMP +LIBCRYPTSETUP +GCRYPT +GNUTLS +ACL +XZ -LZ4 +SECCOMP +BLKID +ELFUTILS +KMOD -IDN)
[    4.900981] systemd[1]: Detected virtualization oracle.
[    4.902000] systemd[1]: Detected architecture x86-64.

Welcome to [1mUbuntu 16.04.7 LTS[0m!

[    4.905701] systemd[1]: Set hostname to <ubuntu>.
[    4.908452] systemd[1]: Initializing machine ID from random generator.
[    4.910038] systemd[1]: Installed transient /etc/machine-id file.
[    5.051008] systemd[1]: Listening on udev Control Socket.
[[0;32m  OK  [0m] Listening on udev Control Socket.
[    5.052737] systemd[1]: Listening on udev Kernel Socket.
[[0;32m  OK  [0m] Listening on udev Kernel Socket.
[    5.054170] systemd[1]: Listening on LVM2 poll daemon socket.
[[0;32m  OK  [0m] Listening on LVM2 poll daemon socket.
[    5.055805] systemd[1]: Reached target System Time Synchronized.
[[0;32m  OK  [0m] Reached target System Time Synchronized.
[    5.057440] systemd[1]: Listening on Journal Socket (/dev/log).
[[0;32m  OK  [0m] Listening on Journal Socket (/dev/log).
[    5.059264] systemd[1]: Created slice User and Session Slice.
[[0;32m  OK  [0m] Created slice User and Session Slice.
[    5.060791] systemd[1]: Started Forward Password Requests to Wall Directory Watch.
[[0;32m  OK  [0m] Started Forward Password Requests to Wall Directory Watch.
[    5.062718] systemd[1]: Listening on /dev/initctl Compatibility Named Pipe.
[[0;32m  OK  [0m] Listening on /dev/initctl Compatibility Named Pipe.
[    5.064342] systemd[1]: Reached target User and Group Name Lookups.
[[0;32m  OK  [0m] Reached target User and Group Name Lookups.
[    5.065877] systemd[1]: Reached target Encrypted Volumes.
[[0;32m  OK  [0m] Reached target Encrypted Volumes.
[    5.067591] systemd[1]: Created slice System Slice.
[[0;32m  OK  [0m] Created slice System Slice.
[    5.068980] systemd[1]: Reached target Slices.
[[0;32m  OK  [0m] Reached target Slices.
[    5.070465] systemd[1]: Set up automount Arbitrary Executable File Formats File System Automount Point.
[[0;32m  OK  [0m] Set up automount Arbitrary Executab...ats File System Automount Point.
[    5.072828] systemd[1]: Reached target Swap.
[[0;32m  OK  [0m] Reached target Swap.
[    5.074168] systemd[1]: Listening on Syslog Socket.
[[0;32m  OK  [0m] Listening on Syslog Socket.
[    5.075802] systemd[1]: Created slice system-serial\x2dgetty.slice.
[[0;32m  OK  [0m] Created slice system-serial\x2dgetty.slice.
[    5.077494] systemd[1]: Started Trigger resolvconf update for networkd DNS.
[[0;32m  OK  [0m] Started Trigger resolvconf update for networkd DNS.
[    5.079266] systemd[1]: Listening on LVM2 metadata daemon socket.
[[0;32m  OK  [0m] Listening on LVM2 metadata daemon socket.
[    5.080823] systemd[1]: Listening on fsck to fsckd communication Socket.
[[0;32m  OK  [0m] Listening on fsck to fsckd communication Socket.
[    5.082470] systemd[1]: Listening on Journal Audit Socket.
[[0;32m  OK  [0m] Listening on Journal Audit Socket.
[    5.084007] systemd[1]: Listening on Device-mapper event daemon FIFOs.
[[0;32m  OK  [0m] Listening on Device-mapper event daemon FIFOs.
[    5.085627] systemd[1]: Listening on Journal Socket.
[[0;32m  OK  [0m] Listening on Journal Socket.
[    5.096941] systemd[1]: Starting Journal Service...
         Starting Journal Service...
[    5.102671] systemd[1]: Starting Load Kernel Modules...
         Starting Load Kernel Modules...
[    5.106581] systemd[1]: Starting Create list of required static device nodes for the current kernel...
         Starting Create list of required st... nodes for the current kernel...
[    5.111287] systemd[1]: Starting File System Check on Root Device...
         Starting File System Check on Root Device...
[    5.113932] systemd[1]: Mounting POSIX Message Queue File System...
         Mounting POSIX Message Queue File System...
[    5.116304] systemd[1]: Starting Uncomplicated firewall...
         Starting Uncomplicated firewall...
[    5.119453] systemd[1]: Starting Set console keymap...
         Starting Set console keymap...
[    5.121488] systemd[1]: Starting Monitoring of LVM2 mirrors, snapshots etc. using dmeventd or progress polling...
         Starting Monitoring of LVM2 mirrors... dmeventd or progress polling...
[    5.126528] Loading iSCSI transport class v2.0-870.
[    5.127762] systemd[1]: Mounting Huge Pages File System...
         Mounting Huge Pages File System...
[    5.131886] systemd[1]: Starting Nameserver information manager...
         Starting Nameserver information manager...
[    5.135171] systemd[1]: Mounting Debug File System...
         Mounting Debug File System...
[    5.142774] systemd[1]: Mounted Huge Pages File System.
[[0;32m  OK  [0m] Mounted Huge Pages File System.
[    5.144537] systemd[1]: Mounted POSIX Message Queue File System.
[[0;32m  OK  [0m] Mounted POSIX Message Queue File System.
[    5.146418] systemd[1]: Mounted Debug File System.
[[0;32m  OK  [0m] Mounted Debug File System.
[    5.148451] systemd[1]: Started Create list of required static device nodes for the current kernel.
[[0;32m  OK  [0m] Started Create list of required sta...ce nodes for the current kernel.
[    5.152529] iscsi: registered transport (tcp)
[    5.154422] systemd[1]: Started Uncomplicated firewall.
[[0;32m  OK  [0m] Started Uncomplicated firewall.
[    5.158197] systemd[1]: Started Journal Service.
[[0;32m  OK  [0m] Started Journal Service.
[[0;32m  OK  [0m] Started File System Check Daemon to report status.
         Starting Create Static Device Nodes in /dev...
[[0;32m  OK  [0m] Started Nameserver information manager.
[[0;32m  OK  [0m] Started LVM2 metadata daemon.
[[0;32m  OK  [0m] Started File System Check on Root Device.
         Starting Remount Root and Kernel File Systems...
[    5.185619] EXT4-fs (sda1): re-mounted. Opts: (null)
[[0;32m  OK  [0m] Started Remount Root and Kernel File Systems.
[[0;32m  OK  [0m] Started Create Static Device Nodes in /dev.
         Starting udev Kernel Device Manager...
         Starting Flush Journal to Persistent Storage...
         Starting udev Coldplug all Devices...
[    5.231013] iscsi: registered transport (iser)
         Starting Load/Save Random Seed...
[[0;32m  OK  [0m] Started Set console keymap.
[[0;32m  OK  [0m] Started Load/Save Random Seed.
[    5.242123] systemd-journald[368]: Received request to flush runtime journal from PID 1
[[0;32m  OK  [0m] Started Flush Journal to Persistent Storage.
[[0;32m  OK  [0m] Started Load Kernel Modules.
         Starting Apply Kernel Variables...
         Mounting FUSE Control File System...
[[0;32m  OK  [0m] Started udev Kernel Device Manager.
[[0;32m  OK  [0m] Mounted FUSE Control File System.
[[0;32m  OK  [0m] Started Apply Kernel Variables.
[[0;32m  OK  [0m] Started Monitoring of LVM2 mirrors,...ng dmeventd or progress polling.
[[0;32m  OK  [0m] Reached target Local File Systems (Pre).
[[0;32m  OK  [0m] Reached target Local File Systems.
         Starting Set console font and keymap...
         Starting Initial cloud-init job (pre-networking)...
         Starting LSB: AppArmor initialization...
         Starting Commit a transient machine-id on disk...
         Starting Tell Plymouth To Write Out Runtime Data...
         Starting Create Volatile Files and Directories...
[[0;32m  OK  [0m] Started udev Coldplug all Devices.
[[0;32m  OK  [0m] Started Dispatch Password Requests to Console Directory Watch.
[[0;32m  OK  [0m] Started Create Volatile Files and Directories.
         Starting Update UTMP about System Boot/Shutdown...
[[0;32m  OK  [0m] Started Commit a transient machine-id on disk.
[[0;32m  OK  [0m] Started Tell Plymouth To Write Out Runtime Data.
[[0;32m  OK  [0m] Started Update UTMP about System Boot/Shutdown.
[[0;32m  OK  [0m] Found device /dev/ttyS0.
[[0;32m  OK  [0m] Listening on Load/Save RF Kill Switch Status /dev/rfkill Watch.
[[0;32m  OK  [0m] Started Set console font and keymap.
[[0;32m  OK  [0m] Created slice system-getty.slice.
[[0;32m  OK  [0m] Started LSB: AppArmor initialization.
[    6.618170] cloud-init[490]: Cloud-init v. 21.1-19-gbad84ad4-0ubuntu1~16.04.2 running 'init-local' at Thu, 06 Jan 2022 13:35:02 +0000. Up 6.12 seconds.
         Starting Load AppArmor profiles managed internally by snapd...
[[0;32m  OK  [0m] Started Load AppArmor profiles managed internally by snapd.
[[0;32m  OK  [0m] Started Initial cloud-init job (pre-networking).
[[0;32m  OK  [0m] Reached target Network (Pre).
         Starting Raise network interfaces...
[[0;32m  OK  [0m] Started Raise network interfaces.
         Starting Initial cloud-init job (metadata service crawler)...
[[0;32m  OK  [0m] Reached target Network.
[    7.865190] cloud-init[961]: Cloud-init v. 21.1-19-gbad84ad4-0ubuntu1~16.04.2 running 'init' at Thu, 06 Jan 2022 13:35:03 +0000. Up 7.26 seconds.
[    7.867272] cloud-init[961]: ci-info: ++++++++++++++++++++++++++++++++++++++Net device info+++++++++++++++++++++++++++++++++++++++
[    7.868867] cloud-init[961]: ci-info: +--------+-------+----------------------------+---------------+--------+-------------------+
[    7.870611] cloud-init[961]: ci-info: | Device |   Up  |          Address           |      Mask     | Scope  |     Hw-Address    |
[    7.872446] cloud-init[961]: ci-info: +--------+-------+----------------------------+---------------+--------+-------------------+
[    7.874257] cloud-init[961]: ci-info: | enp0s3 |  True |         10.0.2.15          | 255.255.255.0 | global | 02:be:82:6b:cc:1d |
[    7.875715] cloud-init[961]: ci-info: | enp0s3 |  True | fe80::be:82ff:fe6b:cc1d/64 |       .       |  link  | 02:be:82:6b:cc:1d |
[    7.876807] cloud-init[961]: ci-info: | enp0s8 | False |             .              |       .       |   .    | 08:00:27:25:ac:78 |
[    7.877988] cloud-init[961]: ci-info: |   lo   |  True |         127.0.0.1          |   255.0.0.0   |  host  |         .         |
[    7.879301] cloud-init[961]: ci-info: |   lo   |  True |          ::1/128           |       .       |  host  |         .         |
[    7.880537] cloud-init[961]: ci-info: +--------+-------+----------------------------+---------------+--------+-------------------+
[    7.881749] cloud-init[961]: ci-info: +++++++++++++++++++++++++++Route IPv4 info++++++++++++++++++++++++++++
[    7.882968] cloud-init[961]: ci-info: +-------+-------------+----------+---------------+-----------+-------+
[    7.884100] cloud-init[961]: ci-info: | Route | Destination | Gateway  |    Genmask    | Interface | Flags |
[    7.885153] cloud-init[961]: ci-info: +-------+-------------+----------+---------------+-----------+-------+
[    7.886219] cloud-init[961]: ci-info: |   0   |   0.0.0.0   | 10.0.2.2 |    0.0.0.0    |   enp0s3  |   UG  |
[    7.887388] cloud-init[961]: ci-info: |   1   |   10.0.2.0  | 0.0.0.0  | 255.255.255.0 |   enp0s3  |   U   |
[    7.888459] cloud-init[961]: ci-info: +-------+-------------+----------+---------------+-----------+-------+
[    7.889513] cloud-init[961]: ci-info: +++++++++++++++++++Route IPv6 info+++++++++++++++++++
[    7.890559] cloud-init[961]: ci-info: +-------+-------------+---------+-----------+-------+
[    7.891574] cloud-init[961]: ci-info: | Route | Destination | Gateway | Interface | Flags |
[    7.892499] cloud-init[961]: ci-info: +-------+-------------+---------+-----------+-------+
[    7.893375] cloud-init[961]: ci-info: |   0   |  fe80::/64  |    ::   |   enp0s3  |   U   |
[    7.894393] cloud-init[961]: ci-info: |   3   |   ff00::/8  |    ::   |   enp0s3  |   U   |
[    7.895465] cloud-init[961]: ci-info: +-------+-------------+---------+-----------+-------+
[    7.896464] cloud-init[961]: Generating public/private rsa key pair.
[    7.897493] cloud-init[961]: Your identification has been saved in /etc/ssh/ssh_host_rsa_key.
[    7.898801] cloud-init[961]: Your public key has been saved in /etc/ssh/ssh_host_rsa_key.pub.
[    7.904495] cloud-init[961]: The key fingerprint is:
[    7.905630] cloud-init[961]: SHA256:zYtnRRaIRakYnjXRsiuKoqIknTYZSMjq4+uhNcpj24M root@ubuntu-xenial
[    7.906828] cloud-init[961]: The key's randomart image is:
[    7.907648] cloud-init[961]: +---[RSA 2048]----+
[    7.908381] cloud-init[961]: |        .*oo.    |
[    7.909135] cloud-init[961]: |o     . = +  .   |
[    7.909897] cloud-init[961]: |.o   . = =  o    |
[    7.911057] cloud-init[961]: |o.    + oo o     |
[    7.911994] cloud-init[961]: |o .     S.o .    |[[0;32m  OK  [0m] Started Initial cloud-init job (metadata service crawler).
[[0;32m  OK  [0m] Reached target Network is Online.

[    7.914127] cloud-init[961]: |.. +  . .. o     |
[    7.915124] cloud-init[961]: |.=X. . .. +      |
[    7.916159] cloud-init[961]: |OE=+.    o       |
[    7.917114] cloud-init[961]: |@B+..            |
[    7.918042] cloud-init[961]: +----[SHA256]-----+
[    7.919047] cloud-init[961]: Generating public/private dsa key pair.
[    7.919731] cloud-init[961]: Your identification has been saved in /etc/ssh/ssh_host_dsa_key.
[    7.920664] cloud-init[961]: Your public key has been saved in /etc/ssh/ssh_host_dsa_key.pub.
[    7.921607] cloud-init[961]: The key fingerprint is:
[    7.922213] cloud-init[961]: SHA256:5HLDUtOZgx5k2mdtj3YrYfjVZ1gFMCwXuB1QV/M2h8s root@ubuntu-xenial
[    7.923085] cloud-init[961]: The key's randomart image is:
[    7.923827] cloud-init[961]: +---[DSA 1024]----+
[    7.924492] cloud-init[961]: |        o .==oo+o|
[    7.925049] cloud-init[961]: |       = oo++o .+|
[    7.925679] cloud-init[961]: |      . B B=o...=|
[    7.926379] cloud-init[961]: |       * =.+.+ *o|
[    7.927031] cloud-init[961]: |      o S . = E +|
[    7.927732] cloud-init[961]: |       + . + + o.|
         Starting iSCSI initiator daemon (iscsid)...
[[0;32m  OK  [0m] Reached target Cloud-config availability.
[[0;32m  OK  [0m] Reached target System Initialization.
[    7.930173] cloud-init[961]: |            o .  |
[[    7.931022] cloud-init[961]: [0;32m  OK  [0m|             .   |
] Started ACPI Events Check.
[[0;32m  OK  [0m] Reached target Paths.
         Starting Socket activation for snappy daemon.
[    7.932103] cloud-init[961]: |                 |
[[0;32m  OK  [0m] Listening on UUID daemon activation socket.
[    7.934200] cloud-init[961]: +----[SHA256]-----+
[    7.935318] cloud-init[961]: Generating public/private ecdsa key pair.
         Starting LXD - unix socket.[    7.936701] 
cloud-init[961]: Your identification has been saved in /etc/ssh/ssh_host_ecdsa_key.
[    7.937458] cloud-init[961]: Your public key has been saved in /etc/ssh/ssh_host_ecdsa_key.pub.
[    7.937638] cloud-init[961]: The key fingerprint is:
[    7.937710] cloud-init[961]: SHA256:KC4SWcLB8QhI/Ox3UmeTqPMkdQ5rhWCHVLn3WJ/TDrY root@ubuntu-xenial
[    7.937813] cloud-init[961]: The key's randomart image is:
[    7.938082] cloud-init[961]: +---[ECDSA 256]---+
[    7.938380] cloud-init[961]: |*+. ..o..        |
[    7.938449] cloud-init[961]: |+o+  + o         |
[    7.938593] cloud-init[961]: |.o+.. o + .      |
[    7.938674] cloud-init[961]: | + o   O O .     |
[[0;32m  OK  [0m] Started Message of the Day.
[[0;32m  OK  [0m] Started Daily Cleanup of Temporary Directories.
[[0;32m  OK  [0m] Started Daily apt download activities.
[[0;32m  OK  [0m] Started Daily apt upgrade and clean activities.
[[0;32m  OK  [0m] Listening on ACPID Listen Socket.
[[0;32m  OK  [0m] Listening on D-Bus System Message Bus Socket.
[[0;32m  OK  [0m] Started Ubuntu Advantage update messaging.
[[0;32m  OK  [0m] Reached target Timers.
[[0;32m  OK  [0m] Listening on Socket activation for snappy daemon.
[[0;32m  OK  [0m] Listening on LXD - unix socket.
[    7.938729] cloud-init[961]: |o . . = S = . o  |
[    7.946333] [[0;32m  OK  [0m] Reached target Sockets.
[[0;32m  OK  [0m] Reached target Basic System.
cloud-init[961]: | . o B = o . * . |
[    7.947350]          Starting LSB: Record successful boot for GRUB...
cloud-init[961]: |. . o O     . =  |
[    7.948809] cloud-init[961]: | . .   .     E . |
[    7.949474] cloud-init[961]: |                 |
         Starting Accounts Service...
[    7.950439] cloud-init[961]: +----[SHA256]-----+
[    7.952958] cloud-init[961]: Generating public/private ed25519 key pair.
[    7.953267] cloud-init[961]: Your identification has been saved in /etc/ssh/ssh_host_ed25519_key.
[    7.953812] cloud-init[961]: Your public key has been saved in /etc/ssh/ssh_host_ed25519_key.pub.
[[0;32m  OK  [0m] Started Regular background program processing daemon.
         Starting LXD - container startup/shutdown...
[[0;32m  OK  [0m] Started Deferred execution scheduler.
[[0;32m  OK  [0m] Started FUSE filesystem for LXC.
         Starting System Logging Service...
         Starting /etc/rc.local Compatibility...
         Starting Virtualbox guest utils...
         Starting Pollinate to seed the pseudo random number generator...
         Starting Login Service...
[[0;32m  OK  [0m] Started ACPI event daemon.
[[0;32m  OK  [0m] Started D-Bus System Message Bus.
[    7.962433] cloud-init[961]: The key fingerprint is:
[    8.001674] cloud-init[961]: SHA256:IAGPTws7xAopXirSNShzyOeXBs64n33pA0s/4b7XotQ root@ubuntu-xenial
[    8.003432] cloud-init[961]: The key's randomart image is:
[    8.004322] cloud-init[961]: +--[ED25519 256]--+
[    8.005242] cloud-init[961]: |  ...            |
[    8.006115] cloud-init[961]: |.+ + .           |
[    8.007411] cloud-init[961]: |B.B+* .          |
[    8.008201] cloud-init[961]: |+BO*.+..         |
[    8.009016] cloud-init[961]: |++++o+  S        |
[    8.009803] cloud-init[961]: |o ..oo ..        |
[    8.010727] cloud-init[961]: | .  . =.oE.      |
[    8.011482] cloud-init[961]: |  . o..B o .     |
[    8.012445] cloud-init[961]: |   o .+=* .      |
[    8.013930] cloud-init[961]: +----[SHA256]-----+
         Starting LSB: MD monitoring daemon...
         Starting Snap Daemon...
[[0;32m  OK  [0m] Started System Logging Service.
[[0;32m  OK  [0m] Started /etc/rc.local Compatibility.
[[0;32m  OK  [0m] Started iSCSI initiator daemon (iscsid).
[[0;32m  OK  [0m] Started Login Service.
[[0;32m  OK  [0m] Started Unattended Upgrades Shutdown.
         Starting Authenticate and Authorize Users to Run Privileged Tasks...
         Starting Login to default iSCSI targets...
[[0;32m  OK  [0m] Started LSB: Record successful boot for GRUB.
[[0;32m  OK  [0m] Started LSB: MD monitoring daemon.
[[0;32m  OK  [0m] Started Login to default iSCSI targets.
[[0;32m  OK  [0m] Reached target Remote File Systems (Pre).
[[0;32m  OK  [0m] Reached target Remote File Systems.
         Starting Permit User Sessions...
         Starting LSB: Set the CPU Frequency Scaling governor to "ondemand"...
         Starting LSB: automatic crash report generation...
         Starting LSB: daemon to balance interrupts for SMP systems...
[[0;32m  OK  [0m] Started LXD - container startup/shutdown.
[[0;32m  OK  [0m] Started Permit User Sessions.
[[0;32m  OK  [0m] Started Authenticate and Authorize Users to Run Privileged Tasks.
         Starting Terminate Plymouth Boot Screen...
         Starting Hold until boot process finishes up...
[[0;32m  OK  [0m] Started Terminate Plymouth Boot Screen.
[[0;32m  OK  [0m] Started Hold until boot process finishes up.
[[0;32m  OK  [0m] Started Accounts Service.
[[0;32m  OK  [0m] Started Serial Getty on ttyS0.
[[0;32m  OK  [0m] Started Getty on tty1.
[[0;32m  OK  [0m] Reached target Login Prompts.
         Starting Set console scheme...
[[0;32m  OK  [0m] Started LSB: automatic crash report generation.
[[0;32m  OK  [0m] Started Set console scheme.
[[0;32m  OK  [0m] Started LSB: daemon to balance interrupts for SMP systems.
[[0;32m  OK  [0m] Started LSB: Set the CPU Frequency Scaling governor to "ondemand".
[[0;32m  OK  [0m] Started Virtualbox guest utils.
[[0;32m  OK  [0m] Started Snap Daemon.
         Starting Wait until snapd is fully seeded...
[[0;32m  OK  [0m] Started Pollinate to seed the pseudo random number generator.
         Starting OpenBSD Secure Shell server...
[[0;32m  OK  [0m] Started OpenBSD Secure Shell server.
[[0;32m  OK  [0m] Started Wait until snapd is fully seeded.
         Starting Apply the settings specified in cloud-config...
[[0;32m  OK  [0m] Reached target Multi-User System.
[[0;32m  OK  [0m] Reached target Graphical Interface.
         Starting Update UTMP about System Runlevel Changes...
[[0;32m  OK  [0m] Started Update UTMP about System Runlevel Changes.
[    9.871485] cloud-init[1300]: Generating locales (this might take a while)...
[   10.586152] cloud-init[1300]:   en_US.UTF-8... done
[   10.587435] cloud-init[1300]: Generation complete.
[   10.937596] cloud-init[1300]: Cloud-init v. 21.1-19-gbad84ad4-0ubuntu1~16.04.2 running 'modules:config' at Thu, 06 Jan 2022 13:35:06 +0000. Up 9.75 seconds.
[[0;32m  OK  [0m] Started Apply the settings specified in cloud-config.
         Starting Execute cloud user/final scripts...
ci-info: no authorized SSH keys fingerprints found for user ubuntu.
<14>Jan  6 13:35:08 ec2: 
<14>Jan  6 13:35:08 ec2: #############################################################
<14>Jan  6 13:35:08 ec2: -----BEGIN SSH HOST KEY FINGERPRINTS-----
<14>Jan  6 13:35:08 ec2: 1024 SHA256:5HLDUtOZgx5k2mdtj3YrYfjVZ1gFMCwXuB1QV/M2h8s root@ubuntu-xenial (DSA)
<14>Jan  6 13:35:08 ec2: 256 SHA256:KC4SWcLB8QhI/Ox3UmeTqPMkdQ5rhWCHVLn3WJ/TDrY root@ubuntu-xenial (ECDSA)
<14>Jan  6 13:35:08 ec2: 256 SHA256:IAGPTws7xAopXirSNShzyOeXBs64n33pA0s/4b7XotQ root@ubuntu-xenial (ED25519)
<14>Jan  6 13:35:08 ec2: 2048 SHA256:zYtnRRaIRakYnjXRsiuKoqIknTYZSMjq4+uhNcpj24M root@ubuntu-xenial (RSA)
<14>Jan  6 13:35:08 ec2: -----END SSH HOST KEY FINGERPRINTS-----
<14>Jan  6 13:35:08 ec2: #############################################################
-----BEGIN SSH HOST KEY KEYS-----
ecdsa-sha2-nistp256 AAAAE2VjZHNhLXNoYTItbmlzdHAyNTYAAAAIbmlzdHAyNTYAAABBBIwTybz0GDoZdmvTKrutuhRaV3R6HyaSnK5gnxmBz3ati/uVs1kzn8lv9gFHNz+TezQqRm5oV9CCTIpHoBmX98g= root@ubuntu-xenial
ssh-ed25519 AAAAC3NzaC1lZDI1NTE5AAAAIB5RoEmnq6/u+yTYwEK4pz8sqZtpTIMwfP8ZoVtLjL1e root@ubuntu-xenial
ssh-rsa AAAAB3NzaC1yc2EAAAADAQABAAABAQDB3UObDzYD9QhAQPdHRtrT/+GLNpNV/TU9qwdW1pCCANfXI9Zf/DfL+DA4Z6sL/11nj6O4jwEMzOXwl+NSZnIpfhr1fXH26mT9ZWbiIzk8/M0HtZ2PGLWe7DzEwZ6VfscbO6N4s5SDEu6RcA3jBFX4WIZbybvcEVJUhMvf/Ctxxn6UW317QOW77mpS5QtcoVXL2H2GgSo2R3S6lE1mUaFlDuamRUYhefJbJ4hv1FfrCR1ScZqCgbPv4+jXQ6PfrBbSKQ1dDbt3rS6Fjl0OktHp/9ZpybIjYDrUhkOv4Qc/3IFbhCAHbmb7Av6a3JqnC5Z1pfaAvYC8aaS1gFyCnBMr root@ubuntu-xenial
-----END SSH HOST KEY KEYS-----
[   11.439258] cloud-init[1344]: Cloud-init v. 21.1-19-gbad84ad4-0ubuntu1~16.04.2 running 'modules:final' at Thu, 06 Jan 2022 13:35:07 +0000. Up 11.28 seconds.
[   11.440866] cloud-init[1344]: ci-info: no authorized SSH keys fingerprints found for user ubuntu.
[   11.441970] cloud-init[1344]: Cloud-init v. 21.1-19-gbad84ad4-0ubuntu1~16.04.2 finished at Thu, 06 Jan 2022 13:35:08 +0000. Datasource DataSourceNoCloud [seed=/dev/sdb][dsmode=net].  Up 11.43 seconds
[[0;32m  OK  [0m] Started Execute cloud user/final scripts.
[[0;32m  OK  [0m] Reached target Cloud-init target.

Ubuntu 16.04.7 LTS ubuntu-xenial ttyS0

ubuntu-xenial login: 